<?xml version="1.0" encoding="utf-8"?><testsuites><testsuite name="pytest" errors="0" failures="0" skipped="0" tests="3" time="7.834" timestamp="2025-11-27T19:48:52.808411" hostname="DELL"><testcase classname="tests.generated.test_server" name="test_get_status" time="3.262" /><testcase classname="tests.generated.test_server" name="test_update_profile_success" time="2.078" /><testcase classname="tests.generated.test_server" name="test_update_profile_invalid_payload" time="2.068" /></testsuite></testsuites>