<?xml version="1.0" encoding="utf-8"?><testsuites name="pytest tests"><testsuite name="pytest" errors="0" failures="0" skipped="0" tests="4" time="1.296" timestamp="2025-11-30T19:54:51.887430+05:30" hostname="IdeaPad-Gaming-3"><testcase classname="tests.generated.test_server" name="test_get_status" time="0.412" /><testcase classname="tests.generated.test_server" name="test_update_profile_success" time="0.462" /><testcase classname="tests.generated.test_server" name="test_update_profile_invalid_payload" time="0.015" /><testcase classname="tests.generated.test_server" name="test_update_profile_empty_payload" time="0.014" /></testsuite></testsuites>