<?xml version="1.0" encoding="utf-8"?><testsuites name="pytest tests"><testsuite name="pytest" errors="0" failures="0" skipped="0" tests="8" time="33.159" timestamp="2025-12-02T15:33:20.803264+05:30" hostname="IdeaPad-Gaming-3"><testcase classname="tests.generated.test_mern-todo-app" name="test_forgot_password_bad_request" time="4.293" /><testcase classname="tests.generated.test_mern-todo-app" name="test_reset_password_bad_request" time="4.083" /><testcase classname="tests.generated.test_mern-todo-app" name="test_add_task_unauthorized" time="4.086" /><testcase classname="tests.generated.test_mern-todo-app" name="test_get_task_unauthorized" time="4.064" /><testcase classname="tests.generated.test_mern-todo-app" name="test_remove_task_unauthorized" time="4.111" /><testcase classname="tests.generated.test_mern-todo-app" name="test_login_bad_request" time="4.100" /><testcase classname="tests.generated.test_mern-todo-app" name="test_register_bad_request" time="4.073" /><testcase classname="tests.generated.test_mern-todo-app" name="test_get_user_unauthorized" time="4.086" /></testsuite></testsuites>